<?xml version="1.0" encoding="UTF-8"?>
<testsuite xmlns:xsi="http://www.w3.org/2001/XMLSchema-instance" xsi:noNamespaceSchemaLocation="https://maven.apache.org/surefire/maven-surefire-plugin/xsd/surefire-test-report-3.0.xsd" version="3.0" name="com.malvin.EComm.ApplicationTests" time="11.928" tests="1" errors="0" skipped="0" failures="0">
  <properties>
[...]
</properties>
  <testcase name="contextLoads" classname="com.malvin.EComm.ApplicationTests" time="0.665">
    <system-out><![CDATA[16:31:44.595 [main] INFO org.springframework.test.context.support.AnnotationConfigContextLoaderUtils -- Could not detect default configuration classes for test class [com.malvin.EComm.ApplicationTests]: ApplicationTests does not declare any static, non-private, non-final, nested classes annotated with @Configuration.
16:31:44.786 [main] INFO org.springframework.boot.test.context.SpringBootTestContextBootstrapper -- Found @SpringBootConfiguration com.malvin.EComm.Application for test class com.malvin.EComm.ApplicationTests

  .   ____          _            __ _ _
 /\\ / ___'_ __ _ _(_)_ __  __ _ \ \ \ \
( ( )\___ | '_ | '_| | '_ \/ _` | \ \ \ \
 \\/  ___)| |_)| | | | | || (_| |  ) ) ) )
  '  |____| .__|_| |_|_| |_\__, | / / / /
 =========|_|==============|___/=/_/_/_/

 :: Spring Boot ::                (v3.3.4)

2024-10-07T16:31:45.555+02:00  INFO 21448 --- [eComm] [           main] com.malvin.EComm.ApplicationTests        : Starting ApplicationTests using Java 21 with PID 21448 (started by dubem in C:\Users\dubem\Downloads\Springer\eComm)
2024-10-07T16:31:45.557+02:00  INFO 21448 --- [eComm] [           main] com.malvin.EComm.ApplicationTests        : No active profile set, falling back to 1 default profile: "default"
2024-10-07T16:31:47.006+02:00  INFO 21448 --- [eComm] [           main] .s.d.r.c.RepositoryConfigurationDelegate : Bootstrapping Spring Data JPA repositories in DEFAULT mode.
2024-10-07T16:31:47.220+02:00  INFO 21448 --- [eComm] [           main] .s.d.r.c.RepositoryConfigurationDelegate : Finished Spring Data repository scanning in 197 ms. Found 8 JPA repository interfaces.
2024-10-07T16:31:48.773+02:00  INFO 21448 --- [eComm] [           main] o.hibernate.jpa.internal.util.LogHelper  : HHH000204: Processing PersistenceUnitInfo [name: default]
2024-10-07T16:31:48.901+02:00  INFO 21448 --- [eComm] [           main] org.hibernate.Version                    : HHH000412: Hibernate ORM core version 6.5.3.Final
2024-10-07T16:31:48.971+02:00  INFO 21448 --- [eComm] [           main] o.h.c.internal.RegionFactoryInitiator    : HHH000026: Second-level cache disabled
2024-10-07T16:31:49.637+02:00  INFO 21448 --- [eComm] [           main] o.s.o.j.p.SpringPersistenceUnitInfo      : No LoadTimeWeaver setup: ignoring JPA class transformer
2024-10-07T16:31:49.695+02:00  INFO 21448 --- [eComm] [           main] com.zaxxer.hikari.HikariDataSource       : HikariPool-1 - Starting...
2024-10-07T16:31:50.386+02:00  INFO 21448 --- [eComm] [           main] com.zaxxer.hikari.pool.HikariPool        : HikariPool-1 - Added connection com.mysql.cj.jdbc.ConnectionImpl@6d3ad37a
2024-10-07T16:31:50.391+02:00  INFO 21448 --- [eComm] [           main] com.zaxxer.hikari.HikariDataSource       : HikariPool-1 - Start completed.
2024-10-07T16:31:50.483+02:00  WARN 21448 --- [eComm] [           main] org.hibernate.orm.deprecation            : HHH90000025: MySQLDialect does not need to be specified explicitly using 'hibernate.dialect' (remove the property setting and it will be selected by default)
2024-10-07T16:31:51.947+02:00  INFO 21448 --- [eComm] [           main] o.h.e.t.j.p.i.JtaPlatformInitiator       : HHH000489: No JTA platform available (set 'hibernate.transaction.jta.platform' to enable JTA platform integration)
Hibernate: 
    alter table cart 
       drop 
       foreign key FKl70asp4l4w0jmbm1tqyofho4o
Hibernate: 
    alter table cart_item 
       drop 
       foreign key FK1uobyhgl1wvgt1jpccia8xxs3
Hibernate: 
    alter table cart_item 
       drop 
       foreign key FKjcyd5wv4igqnw413rgxbfu4nv
Hibernate: 
    alter table image 
       drop 
       foreign key FKgpextbyee3uk9u6o2381m7ft1
Hibernate: 
    alter table order_item 
       drop 
       foreign key FKt4dc2r9nbvbujrljv3e23iibt
Hibernate: 
    alter table order_item 
       drop 
       foreign key FK551losx9j75ss5d6bfsqvijna
Hibernate: 
    alter table orders 
       drop 
       foreign key FKel9kyl84ego2otj2accfd8mr7
Hibernate: 
    alter table product 
       drop 
       foreign key FK1mtsbur82frn64de7balymq9s
Hibernate: 
    alter table user_roles 
       drop 
       foreign key FKrhfovtciq1l558cw6udg0h0d3
Hibernate: 
    alter table user_roles 
       drop 
       foreign key FK55itppkw3i07do3h7qoclqd4k
Hibernate: 
    drop table if exists cart
Hibernate: 
    drop table if exists cart_item
Hibernate: 
    drop table if exists category
Hibernate: 
    drop table if exists image
Hibernate: 
    drop table if exists order_item
Hibernate: 
    drop table if exists orders
Hibernate: 
    drop table if exists product
Hibernate: 
    drop table if exists role
Hibernate: 
    drop table if exists user
Hibernate: 
    drop table if exists user_roles
Hibernate: 
    create table cart (
        total_amount decimal(38,2),
        id bigint not null auto_increment,
        user_id bigint,
        primary key (id)
    ) engine=InnoDB
Hibernate: 
    create table cart_item (
        quantity integer not null,
        total_price decimal(38,2),
        unit_price decimal(38,2),
        cart_id bigint,
        id bigint not null auto_increment,
        product_id bigint,
        primary key (id)
    ) engine=InnoDB
Hibernate: 
    create table category (
        id bigint not null auto_increment,
        name varchar(255),
        primary key (id)
    ) engine=InnoDB
Hibernate: 
    create table image (
        id bigint not null auto_increment,
        product_id bigint,
        download_url varchar(255),
        file_name varchar(255),
        file_type varchar(255),
        image longblob,
        primary key (id)
    ) engine=InnoDB
Hibernate: 
    create table order_item (
        price decimal(38,2),
        quantity integer not null,
        id bigint not null auto_increment,
        order_id bigint,
        product_id bigint,
        primary key (id)
    ) engine=InnoDB
Hibernate: 
    create table orders (
        order_date date,
        total_amount decimal(38,2),
        id bigint not null auto_increment,
        user_id bigint,
        status enum ('CANCELLED','DELIVERED','PENDING','PROCESSING','SHIPPED'),
        primary key (id)
    ) engine=InnoDB
Hibernate: 
    create table product (
        inventory integer not null,
        price decimal(38,2),
        category_id bigint,
        id bigint not null auto_increment,
        brand varchar(255),
        description varchar(255),
        name varchar(255),
        primary key (id)
    ) engine=InnoDB
Hibernate: 
    create table role (
        id bigint not null auto_increment,
        name varchar(255),
        primary key (id)
    ) engine=InnoDB
Hibernate: 
    create table user (
        id bigint not null auto_increment,
        email varchar(255),
        first_name varchar(255),
        last_name varchar(255),
        password varchar(255),
        primary key (id)
    ) engine=InnoDB
Hibernate: 
    create table user_roles (
        role_id bigint not null,
        user_id bigint not null
    ) engine=InnoDB
Hibernate: 
    alter table cart 
       add constraint UK9emlp6m95v5er2bcqkjsw48he unique (user_id)
Hibernate: 
    alter table user 
       add constraint UKcudaqifebe8cfswgy556uuv3x unique (email)
Hibernate: 
    alter table cart 
       add constraint FKl70asp4l4w0jmbm1tqyofho4o 
       foreign key (user_id) 
       references user (id)
Hibernate: 
    alter table cart_item 
       add constraint FK1uobyhgl1wvgt1jpccia8xxs3 
       foreign key (cart_id) 
       references cart (id)
Hibernate: 
    alter table cart_item 
       add constraint FKjcyd5wv4igqnw413rgxbfu4nv 
       foreign key (product_id) 
       references product (id)
Hibernate: 
    alter table image 
       add constraint FKgpextbyee3uk9u6o2381m7ft1 
       foreign key (product_id) 
       references product (id)
Hibernate: 
    alter table order_item 
       add constraint FKt4dc2r9nbvbujrljv3e23iibt 
       foreign key (order_id) 
       references orders (id)
Hibernate: 
    alter table order_item 
       add constraint FK551losx9j75ss5d6bfsqvijna 
       foreign key (product_id) 
       references product (id)
Hibernate: 
    alter table orders 
       add constraint FKel9kyl84ego2otj2accfd8mr7 
       foreign key (user_id) 
       references user (id)
Hibernate: 
    alter table product 
       add constraint FK1mtsbur82frn64de7balymq9s 
       foreign key (category_id) 
       references category (id)
Hibernate: 
    alter table user_roles 
       add constraint FKrhfovtciq1l558cw6udg0h0d3 
       foreign key (role_id) 
       references role (id)
Hibernate: 
    alter table user_roles 
       add constraint FK55itppkw3i07do3h7qoclqd4k 
       foreign key (user_id) 
       references user (id)
2024-10-07T16:31:53.594+02:00  INFO 21448 --- [eComm] [           main] j.LocalContainerEntityManagerFactoryBean : Initialized JPA EntityManagerFactory for persistence unit 'default'
2024-10-07T16:31:54.297+02:00  WARN 21448 --- [eComm] [           main] JpaBaseConfiguration$JpaWebConfiguration : spring.jpa.open-in-view is enabled by default. Therefore, database queries may be performed during view rendering. Explicitly configure spring.jpa.open-in-view to disable this warning
2024-10-07T16:31:54.339+02:00  INFO 21448 --- [eComm] [           main] eAuthenticationProviderManagerConfigurer : Global AuthenticationManager configured with AuthenticationProvider bean with name daoAuthenticationProvider
2024-10-07T16:31:54.340+02:00  WARN 21448 --- [eComm] [           main] r$InitializeUserDetailsManagerConfigurer : Global AuthenticationManager configured with an AuthenticationProvider bean. UserDetailsService beans will not be used for username/password login. Consider removing the AuthenticationProvider bean. Alternatively, consider using the UserDetailsService in a manually instantiated DaoAuthenticationProvider.
2024-10-07T16:31:55.171+02:00  INFO 21448 --- [eComm] [           main] com.malvin.EComm.ApplicationTests        : Started ApplicationTests in 10.081 seconds (process running for 12.543)
Hibernate: 
    select
        r1_0.id,
        r1_0.name 
    from
        role r1_0 
    where
        r1_0.name=?
Hibernate: 
    insert 
    into
        role
        (name) 
    values
        (?)
Hibernate: 
    select
        r1_0.id,
        r1_0.name 
    from
        role r1_0 
    where
        r1_0.name=?
Hibernate: 
    insert 
    into
        role
        (name) 
    values
        (?)
]]></system-out>
    <system-err><![CDATA[WARNING: A Java agent has been loaded dynamically (C:\Users\dubem\.m2\repository\net\bytebuddy\byte-buddy-agent\1.14.19\byte-buddy-agent-1.14.19.jar)
WARNING: If a serviceability tool is in use, please run with -XX:+EnableDynamicAgentLoading to hide this warning
WARNING: If a serviceability tool is not in use, please run with -Djdk.instrument.traceUsage for more information
WARNING: Dynamic loading of agents will be disallowed by default in a future release
]]></system-err>
  </testcase>
</testsuite>